<?xml version="1.0" encoding="UTF-8"?>
<!-- Generated by org.testng.reporters.JUnitXMLReporter -->
<testsuite hostname="LAPTOP-R1IBFQ0J" ignored="0" name="TestNG Testcases" tests="10" failures="1" timestamp="26 Jul 2019 19:00:28 GMT" time="119.126" errors="0">
  <testcase name="cbtLogo" time="0.034" classname="com.qa.easy.testcases.Demotest"/>
  <testcase name="logspclick" time="0.046" classname="com.qa.easy.testcases.Log4jtest"/>
  <testcase name="TestNGLinkHighlight" time="0.026" classname="com.qa.easy.testcases.TestNGtest"/>
  <testcase name="sikuliimg" time="1.388" classname="com.qa.easy.testcases.Demotest">
    <skipped/>
  </testcase> <!-- sikuliimg -->
  <testcase name="sikuliimg" time="0.024" classname="com.qa.easy.testcases.Demotest">
    <skipped/>
  </testcase> <!-- sikuliimg -->
  <testcase name="sikuliimg" time="0.021" classname="com.qa.easy.testcases.Demotest">
    <skipped/>
  </testcase> <!-- sikuliimg -->
  <testcase name="sikuliimg" time="0.021" classname="com.qa.easy.testcases.Demotest">
    <failure type="java.lang.AssertionError" message="expected [true] but found [false]">
      <![CDATA[java.lang.AssertionError: expected [true] but found [false]
at com.qa.easy.testcases.Demotest.sikuliimg(Demotest.java:46)
... Removed 29 stack frames]]>
    </failure>
  </testcase> <!-- sikuliimg -->
  <testcase name="downloadPDF" time="4.132" classname="com.qa.easy.testcases.Log4jtest"/>
  <testcase name="TestNGHeader" time="0.029" classname="com.qa.easy.testcases.TestNGtest"/>
  <testcase name="searchfilter" time="0.0" classname="com.qa.easy.testcases.Demotest">
    <skipped/>
  </testcase> <!-- searchfilter -->
</testsuite> <!-- TestNG Testcases -->
