<?xml version="1.0" encoding="UTF-8"?>
<!-- Generated by org.testng.reporters.JUnitXMLReporter -->
<testsuite hostname="LAPTOP-R1IBFQ0J" ignored="0" name="TestNG Testcases" tests="7" failures="1" timestamp="19 Jul 2019 17:27:16 GMT" time="112.222" errors="0">
  <testcase name="cbtLogo" time="0.04" classname="com.qa.easy.testcases.Demotest"/>
  <testcase name="TestNGLinkHighlight" time="0.042" classname="com.qa.easy.testcases.TestNGtest"/>
  <testcase name="sikuliimg" time="1.427" classname="com.qa.easy.testcases.Demotest">
    <failure type="java.lang.AssertionError" message="expected [true] but found [false]">
      <![CDATA[java.lang.AssertionError: expected [true] but found [false]
at com.qa.easy.testcases.Demotest.sikuliimg(Demotest.java:44)
... Removed 29 stack frames]]>
    </failure>
  </testcase> <!-- sikuliimg -->
  <testcase name="TestNGHeader" time="0.045" classname="com.qa.easy.testcases.TestNGtest"/>
  <testcase name="searchfilter" time="1.167" classname="com.qa.easy.testcases.Demotest"/>
  <testcase name="searchfilter" time="1.151" classname="com.qa.easy.testcases.Demotest"/>
  <testcase name="searchfilter" time="1.057" classname="com.qa.easy.testcases.Demotest"/>
</testsuite> <!-- TestNG Testcases -->
