<?xml version="1.0" encoding="UTF-8"?>
<testng-results skipped="0" failed="0" ignored="2" total="5" passed="3">
  <reporter-output>
  </reporter-output>
  <suite name="Default suite" duration-ms="63620" started-at="2019-07-29T06:17:35Z" finished-at="2019-07-29T06:18:39Z">
    <groups>
    </groups>
    <test name="Default test" duration-ms="63620" started-at="2019-07-29T06:17:35Z" finished-at="2019-07-29T06:18:39Z">
      <class name="com.qa.easy.testcases.Demotest">
        <test-method status="PASS" signature="setUp()[pri:0, instance:com.qa.easy.testcases.Demotest@20322d26]" name="setUp" is-config="true" duration-ms="23862" started-at="2019-07-29T06:17:37Z" finished-at="2019-07-29T06:18:01Z">
          <reporter-output>
          </reporter-output>
        </test-method> <!-- setUp -->
        <test-method status="PASS" signature="searchfilter(java.lang.String)[pri:3, instance:com.qa.easy.testcases.Demotest@20322d26]" name="searchfilter" duration-ms="1184" started-at="2019-07-29T06:18:01Z" data-provider="getcityTestData" finished-at="2019-07-29T06:18:02Z">
          <params>
            <param index="0">
              <value>
                <![CDATA[Tokyo]]>
              </value>
            </param>
          </params>
          <reporter-output>
          </reporter-output>
        </test-method> <!-- searchfilter -->
        <test-method status="PASS" signature="tearDown()[pri:0, instance:com.qa.easy.testcases.Demotest@20322d26]" name="tearDown" is-config="true" duration-ms="688" started-at="2019-07-29T06:18:02Z" finished-at="2019-07-29T06:18:03Z">
          <reporter-output>
          </reporter-output>
        </test-method> <!-- tearDown -->
        <test-method status="PASS" signature="setUp()[pri:0, instance:com.qa.easy.testcases.Demotest@20322d26]" name="setUp" is-config="true" duration-ms="12123" started-at="2019-07-29T06:18:03Z" finished-at="2019-07-29T06:18:15Z">
          <reporter-output>
          </reporter-output>
        </test-method> <!-- setUp -->
        <test-method status="PASS" signature="searchfilter(java.lang.String)[pri:3, instance:com.qa.easy.testcases.Demotest@20322d26]" name="searchfilter" duration-ms="1700" started-at="2019-07-29T06:18:15Z" data-provider="getcityTestData" finished-at="2019-07-29T06:18:16Z">
          <params>
            <param index="0">
              <value>
                <![CDATA[London]]>
              </value>
            </param>
          </params>
          <reporter-output>
          </reporter-output>
        </test-method> <!-- searchfilter -->
        <test-method status="PASS" signature="tearDown()[pri:0, instance:com.qa.easy.testcases.Demotest@20322d26]" name="tearDown" is-config="true" duration-ms="1194" started-at="2019-07-29T06:18:16Z" finished-at="2019-07-29T06:18:18Z">
          <reporter-output>
          </reporter-output>
        </test-method> <!-- tearDown -->
        <test-method status="PASS" signature="setUp()[pri:0, instance:com.qa.easy.testcases.Demotest@20322d26]" name="setUp" is-config="true" duration-ms="19547" started-at="2019-07-29T06:18:18Z" finished-at="2019-07-29T06:18:37Z">
          <reporter-output>
          </reporter-output>
        </test-method> <!-- setUp -->
        <test-method status="PASS" signature="searchfilter(java.lang.String)[pri:3, instance:com.qa.easy.testcases.Demotest@20322d26]" name="searchfilter" duration-ms="1094" started-at="2019-07-29T06:18:37Z" data-provider="getcityTestData" finished-at="2019-07-29T06:18:38Z">
          <params>
            <param index="0">
              <value>
                <![CDATA[New York]]>
              </value>
            </param>
          </params>
          <reporter-output>
          </reporter-output>
        </test-method> <!-- searchfilter -->
        <test-method status="PASS" signature="tearDown()[pri:0, instance:com.qa.easy.testcases.Demotest@20322d26]" name="tearDown" is-config="true" duration-ms="695" started-at="2019-07-29T06:18:38Z" finished-at="2019-07-29T06:18:39Z">
          <reporter-output>
          </reporter-output>
        </test-method> <!-- tearDown -->
      </class> <!-- com.qa.easy.testcases.Demotest -->
    </test> <!-- Default test -->
  </suite> <!-- Default suite -->
</testng-results>
