<?xml version="1.0" encoding="UTF-8"?>
<testng-results skipped="0" failed="1" ignored="0" total="9" passed="8">
  <reporter-output>
  </reporter-output>
  <suite name="Test Suite" duration-ms="138312" started-at="2019-07-25T07:33:32Z" finished-at="2019-07-25T07:35:51Z">
    <groups>
      <group name="grp">
        <method signature="TestNGtest.TestNGHeader()[pri:2, instance:com.qa.easy.testcases.TestNGtest@eec5a4a]" name="TestNGHeader" class="com.qa.easy.testcases.TestNGtest"/>
        <method signature="TestNGtest.TestNGLinkHighlight()[pri:1, instance:com.qa.easy.testcases.TestNGtest@eec5a4a]" name="TestNGLinkHighlight" class="com.qa.easy.testcases.TestNGtest"/>
      </group> <!-- grp -->
    </groups>
    <test name="TestNG Testcases" duration-ms="138312" started-at="2019-07-25T07:33:32Z" finished-at="2019-07-25T07:35:51Z">
      <class name="com.qa.easy.testcases.Log4jtest">
        <test-method status="PASS" signature="setUp()[pri:0, instance:com.qa.easy.testcases.Log4jtest@210366b4]" name="setUp" is-config="true" duration-ms="11697" started-at="2019-07-25T07:33:45Z" finished-at="2019-07-25T07:33:57Z">
          <reporter-output>
          </reporter-output>
        </test-method> <!-- setUp -->
        <test-method status="PASS" signature="logspclick()[pri:1, instance:com.qa.easy.testcases.Log4jtest@210366b4]" name="logspclick" duration-ms="56" started-at="2019-07-25T07:33:57Z" finished-at="2019-07-25T07:33:57Z">
          <reporter-output>
          </reporter-output>
        </test-method> <!-- logspclick -->
        <test-method status="PASS" signature="tearDown()[pri:0, instance:com.qa.easy.testcases.Log4jtest@210366b4]" name="tearDown" is-config="true" duration-ms="638" started-at="2019-07-25T07:33:57Z" finished-at="2019-07-25T07:33:58Z">
          <reporter-output>
          </reporter-output>
        </test-method> <!-- tearDown -->
        <test-method status="PASS" signature="setUp()[pri:0, instance:com.qa.easy.testcases.Log4jtest@210366b4]" name="setUp" is-config="true" duration-ms="7410" started-at="2019-07-25T07:34:40Z" finished-at="2019-07-25T07:34:47Z">
          <reporter-output>
          </reporter-output>
        </test-method> <!-- setUp -->
        <test-method status="PASS" signature="downloadPDF()[pri:2, instance:com.qa.easy.testcases.Log4jtest@210366b4]" name="downloadPDF" duration-ms="4125" started-at="2019-07-25T07:34:47Z" finished-at="2019-07-25T07:34:52Z">
          <reporter-output>
          </reporter-output>
        </test-method> <!-- downloadPDF -->
        <test-method status="PASS" signature="tearDown()[pri:0, instance:com.qa.easy.testcases.Log4jtest@210366b4]" name="tearDown" is-config="true" duration-ms="667" started-at="2019-07-25T07:34:52Z" finished-at="2019-07-25T07:34:52Z">
          <reporter-output>
          </reporter-output>
        </test-method> <!-- tearDown -->
      </class> <!-- com.qa.easy.testcases.Log4jtest -->
      <class name="com.qa.easy.testcases.TestNGtest">
        <test-method status="PASS" signature="setUp()[pri:0, instance:com.qa.easy.testcases.TestNGtest@eec5a4a]" name="setUp" is-config="true" duration-ms="19790" started-at="2019-07-25T07:33:58Z" finished-at="2019-07-25T07:34:18Z">
          <reporter-output>
          </reporter-output>
        </test-method> <!-- setUp -->
        <test-method status="PASS" signature="TestNGLinkHighlight()[pri:1, instance:com.qa.easy.testcases.TestNGtest@eec5a4a]" name="TestNGLinkHighlight" duration-ms="26" started-at="2019-07-25T07:34:18Z" finished-at="2019-07-25T07:34:18Z">
          <reporter-output>
          </reporter-output>
        </test-method> <!-- TestNGLinkHighlight -->
        <test-method status="PASS" signature="tearDown()[pri:0, instance:com.qa.easy.testcases.TestNGtest@eec5a4a]" name="tearDown" is-config="true" duration-ms="635" started-at="2019-07-25T07:34:18Z" finished-at="2019-07-25T07:34:18Z">
          <reporter-output>
          </reporter-output>
        </test-method> <!-- tearDown -->
        <test-method status="PASS" signature="setUp()[pri:0, instance:com.qa.easy.testcases.TestNGtest@eec5a4a]" name="setUp" is-config="true" duration-ms="18411" started-at="2019-07-25T07:34:52Z" finished-at="2019-07-25T07:35:11Z">
          <reporter-output>
          </reporter-output>
        </test-method> <!-- setUp -->
        <test-method status="PASS" signature="TestNGHeader()[pri:2, instance:com.qa.easy.testcases.TestNGtest@eec5a4a]" name="TestNGHeader" duration-ms="31" started-at="2019-07-25T07:35:11Z" finished-at="2019-07-25T07:35:11Z">
          <reporter-output>
          </reporter-output>
        </test-method> <!-- TestNGHeader -->
        <test-method status="PASS" signature="tearDown()[pri:0, instance:com.qa.easy.testcases.TestNGtest@eec5a4a]" name="tearDown" is-config="true" duration-ms="641" started-at="2019-07-25T07:35:11Z" finished-at="2019-07-25T07:35:11Z">
          <reporter-output>
          </reporter-output>
        </test-method> <!-- tearDown -->
      </class> <!-- com.qa.easy.testcases.TestNGtest -->
      <class name="com.qa.easy.testcases.Demotest">
        <test-method status="PASS" signature="setUp()[pri:0, instance:com.qa.easy.testcases.Demotest@335eadca]" name="setUp" is-config="true" duration-ms="12457" started-at="2019-07-25T07:33:32Z" finished-at="2019-07-25T07:33:45Z">
          <reporter-output>
          </reporter-output>
        </test-method> <!-- setUp -->
        <test-method status="PASS" signature="cbtLogo()[pri:1, instance:com.qa.easy.testcases.Demotest@335eadca]" name="cbtLogo" duration-ms="34" started-at="2019-07-25T07:33:45Z" finished-at="2019-07-25T07:33:45Z">
          <reporter-output>
          </reporter-output>
        </test-method> <!-- cbtLogo -->
        <test-method status="PASS" signature="tearDown()[pri:0, instance:com.qa.easy.testcases.Demotest@335eadca]" name="tearDown" is-config="true" duration-ms="617" started-at="2019-07-25T07:33:45Z" finished-at="2019-07-25T07:33:45Z">
          <reporter-output>
          </reporter-output>
        </test-method> <!-- tearDown -->
        <test-method status="PASS" signature="setUp()[pri:0, instance:com.qa.easy.testcases.Demotest@335eadca]" name="setUp" is-config="true" duration-ms="13769" started-at="2019-07-25T07:34:18Z" finished-at="2019-07-25T07:34:32Z">
          <reporter-output>
          </reporter-output>
        </test-method> <!-- setUp -->
        <test-method status="FAIL" signature="sikuliimg()[pri:2, instance:com.qa.easy.testcases.Demotest@335eadca]" name="sikuliimg" duration-ms="7335" started-at="2019-07-25T07:34:32Z" finished-at="2019-07-25T07:34:39Z">
          <exception class="java.lang.AssertionError">
            <message>
              <![CDATA[expected [true] but found [false]]]>
            </message>
            <full-stacktrace>
              <![CDATA[java.lang.AssertionError: expected [true] but found [false]
at org.testng.Assert.fail(Assert.java:96)
at org.testng.Assert.failNotEquals(Assert.java:776)
at org.testng.Assert.assertTrue(Assert.java:44)
at org.testng.Assert.assertTrue(Assert.java:54)
at com.qa.easy.testcases.Demotest.sikuliimg(Demotest.java:46)
at sun.reflect.NativeMethodAccessorImpl.invoke0(Native Method)
at sun.reflect.NativeMethodAccessorImpl.invoke(NativeMethodAccessorImpl.java:62)
at sun.reflect.DelegatingMethodAccessorImpl.invoke(DelegatingMethodAccessorImpl.java:43)
at java.lang.reflect.Method.invoke(Method.java:498)
at org.testng.internal.MethodInvocationHelper.invokeMethod(MethodInvocationHelper.java:124)
at org.testng.internal.Invoker.invokeMethod(Invoker.java:583)
at org.testng.internal.Invoker.invokeTestMethod(Invoker.java:719)
at org.testng.internal.Invoker.invokeTestMethods(Invoker.java:989)
at org.testng.internal.TestMethodWorker.invokeTestMethods(TestMethodWorker.java:125)
at org.testng.internal.TestMethodWorker.run(TestMethodWorker.java:109)
at org.testng.TestRunner.privateRun(TestRunner.java:648)
at org.testng.TestRunner.run(TestRunner.java:505)
at org.testng.SuiteRunner.runTest(SuiteRunner.java:455)
at org.testng.SuiteRunner.runSequentially(SuiteRunner.java:450)
at org.testng.SuiteRunner.privateRun(SuiteRunner.java:415)
at org.testng.SuiteRunner.run(SuiteRunner.java:364)
at org.testng.SuiteRunnerWorker.runSuite(SuiteRunnerWorker.java:52)
at org.testng.SuiteRunnerWorker.run(SuiteRunnerWorker.java:84)
at org.testng.TestNG.runSuitesSequentially(TestNG.java:1208)
at org.testng.TestNG.runSuitesLocally(TestNG.java:1137)
at org.testng.TestNG.runSuites(TestNG.java:1049)
at org.testng.TestNG.run(TestNG.java:1017)
at org.testng.remote.AbstractRemoteTestNG.run(AbstractRemoteTestNG.java:115)
at org.testng.remote.RemoteTestNG.initAndRun(RemoteTestNG.java:251)
at org.testng.remote.RemoteTestNG.main(RemoteTestNG.java:77)
]]>
            </full-stacktrace>
          </exception> <!-- java.lang.AssertionError -->
          <reporter-output>
          </reporter-output>
        </test-method> <!-- sikuliimg -->
        <test-method status="PASS" signature="tearDown()[pri:0, instance:com.qa.easy.testcases.Demotest@335eadca]" name="tearDown" is-config="true" duration-ms="618" started-at="2019-07-25T07:34:39Z" finished-at="2019-07-25T07:34:40Z">
          <reporter-output>
          </reporter-output>
        </test-method> <!-- tearDown -->
        <test-method status="PASS" signature="setUp()[pri:0, instance:com.qa.easy.testcases.Demotest@335eadca]" name="setUp" is-config="true" duration-ms="9362" started-at="2019-07-25T07:35:12Z" finished-at="2019-07-25T07:35:21Z">
          <reporter-output>
          </reporter-output>
        </test-method> <!-- setUp -->
        <test-method status="PASS" signature="searchfilter(java.lang.String)[pri:3, instance:com.qa.easy.testcases.Demotest@335eadca]" name="searchfilter" duration-ms="1047" started-at="2019-07-25T07:35:21Z" data-provider="getcityTestData" finished-at="2019-07-25T07:35:22Z">
          <params>
            <param index="0">
              <value>
                <![CDATA[Tokyo]]>
              </value>
            </param>
          </params>
          <reporter-output>
          </reporter-output>
        </test-method> <!-- searchfilter -->
        <test-method status="PASS" signature="tearDown()[pri:0, instance:com.qa.easy.testcases.Demotest@335eadca]" name="tearDown" is-config="true" duration-ms="624" started-at="2019-07-25T07:35:22Z" finished-at="2019-07-25T07:35:23Z">
          <reporter-output>
          </reporter-output>
        </test-method> <!-- tearDown -->
        <test-method status="PASS" signature="setUp()[pri:0, instance:com.qa.easy.testcases.Demotest@335eadca]" name="setUp" is-config="true" duration-ms="9320" started-at="2019-07-25T07:35:23Z" finished-at="2019-07-25T07:35:32Z">
          <reporter-output>
          </reporter-output>
        </test-method> <!-- setUp -->
        <test-method status="PASS" signature="searchfilter(java.lang.String)[pri:3, instance:com.qa.easy.testcases.Demotest@335eadca]" name="searchfilter" duration-ms="1040" started-at="2019-07-25T07:35:32Z" data-provider="getcityTestData" finished-at="2019-07-25T07:35:33Z">
          <params>
            <param index="0">
              <value>
                <![CDATA[London]]>
              </value>
            </param>
          </params>
          <reporter-output>
          </reporter-output>
        </test-method> <!-- searchfilter -->
        <test-method status="PASS" signature="tearDown()[pri:0, instance:com.qa.easy.testcases.Demotest@335eadca]" name="tearDown" is-config="true" duration-ms="670" started-at="2019-07-25T07:35:33Z" finished-at="2019-07-25T07:35:34Z">
          <reporter-output>
          </reporter-output>
        </test-method> <!-- tearDown -->
        <test-method status="PASS" signature="setUp()[pri:0, instance:com.qa.easy.testcases.Demotest@335eadca]" name="setUp" is-config="true" duration-ms="14784" started-at="2019-07-25T07:35:34Z" finished-at="2019-07-25T07:35:49Z">
          <reporter-output>
          </reporter-output>
        </test-method> <!-- setUp -->
        <test-method status="PASS" signature="searchfilter(java.lang.String)[pri:3, instance:com.qa.easy.testcases.Demotest@335eadca]" name="searchfilter" duration-ms="953" started-at="2019-07-25T07:35:49Z" data-provider="getcityTestData" finished-at="2019-07-25T07:35:50Z">
          <params>
            <param index="0">
              <value>
                <![CDATA[New York]]>
              </value>
            </param>
          </params>
          <reporter-output>
          </reporter-output>
        </test-method> <!-- searchfilter -->
        <test-method status="PASS" signature="tearDown()[pri:0, instance:com.qa.easy.testcases.Demotest@335eadca]" name="tearDown" is-config="true" duration-ms="1105" started-at="2019-07-25T07:35:50Z" finished-at="2019-07-25T07:35:51Z">
          <reporter-output>
          </reporter-output>
        </test-method> <!-- tearDown -->
      </class> <!-- com.qa.easy.testcases.Demotest -->
    </test> <!-- TestNG Testcases -->
  </suite> <!-- Test Suite -->
</testng-results>
