<?xml version="1.0" encoding="UTF-8"?>
<!-- Generated by org.testng.reporters.JUnitXMLReporter -->
<testsuite hostname="LAPTOP-R1IBFQ0J" ignored="1" name="Default test" tests="1" failures="0" timestamp="24 Jul 2019 08:23:34 GMT" time="12.723" errors="0">
  <testcase name="logspclick" time="0.058" classname="com.qa.easy.testcases.Log4jtest"/>
  <testcase name="downloadPDF" time="0.0" classname="com.qa.easy.testcases.Log4jtest">
    <ignored/>
  </testcase> <!-- downloadPDF -->
</testsuite> <!-- Default test -->
