<?xml version="1.0" encoding="UTF-8"?>
<!-- Generated by org.testng.reporters.JUnitXMLReporter -->
<testsuite hostname="LAPTOP-R1IBFQ0J" ignored="2" name="Default test" tests="3" failures="0" timestamp="29 Jul 2019 06:18:39 GMT" time="63.62" errors="0">
  <testcase name="searchfilter" time="1.184" classname="com.qa.easy.testcases.Demotest"/>
  <testcase name="searchfilter" time="1.7" classname="com.qa.easy.testcases.Demotest"/>
  <testcase name="searchfilter" time="1.094" classname="com.qa.easy.testcases.Demotest"/>
  <testcase name="sikuliimg" time="0.0" classname="com.qa.easy.testcases.Demotest">
    <ignored/>
  </testcase> <!-- sikuliimg -->
  <testcase name="cbtLogo" time="0.0" classname="com.qa.easy.testcases.Demotest">
    <ignored/>
  </testcase> <!-- cbtLogo -->
</testsuite> <!-- Default test -->
